\BOOKMARK [1][-]{section.1}{Introduction}{}% 1
\BOOKMARK [2][-]{subsection.1.1}{Working\040title}{section.1}% 2
\BOOKMARK [2][-]{subsection.1.2}{Motive}{section.1}% 3
\BOOKMARK [2][-]{subsection.1.3}{Importance}{section.1}% 4
\BOOKMARK [2][-]{subsection.1.4}{Goal}{section.1}% 5
\BOOKMARK [2][-]{subsection.1.5}{Problem\040statement}{section.1}% 6
\BOOKMARK [2][-]{subsection.1.6}{Central\040research\040question\040and\040sub-questions}{section.1}% 7
\BOOKMARK [2][-]{subsection.1.7}{The\040client}{section.1}% 8
\BOOKMARK [2][-]{subsection.1.8}{Working\040environment\040and\040tasks}{section.1}% 9
\BOOKMARK [1][-]{section.2}{Method}{}% 10
\BOOKMARK [2][-]{subsection.2.1}{Research\040methods}{section.2}% 11
\BOOKMARK [3][-]{subsubsection.2.1.1}{What\040is\040a\040good\040programming\040language\040to\040the\040user?}{subsection.2.1}% 12
\BOOKMARK [3][-]{subsubsection.2.1.2}{What\040is\040MC\040and\040how\040does\040it\040work?}{subsection.2.1}% 13
\BOOKMARK [3][-]{subsubsection.2.1.3}{How\040can\040the\040current\040syntax\040be\040improved\040to\040serve\040the\040user?}{subsection.2.1}% 14
\BOOKMARK [3][-]{subsubsection.2.1.4}{How\040can\040the\040standard\040library\040be\040improved\040and\040refined\040to\040serve\040the\040user?}{subsection.2.1}% 15
\BOOKMARK [2][-]{subsection.2.2}{Gathering\040information}{section.2}% 16
\BOOKMARK [3][-]{subsubsection.2.2.1}{What\040is\040a\040good\040programming\040language\040to\040the\040user?}{subsection.2.2}% 17
\BOOKMARK [3][-]{subsubsection.2.2.2}{What\040is\040MC\040and\040how\040does\040it\040work?}{subsection.2.2}% 18
\BOOKMARK [3][-]{subsubsection.2.2.3}{How\040can\040the\040current\040syntax\040be\040improved\040to\040serve\040the\040user?}{subsection.2.2}% 19
\BOOKMARK [3][-]{subsubsection.2.2.4}{How\040can\040the\040standard\040library\040be\040improved\040and\040refined\040to\040serve\040the\040user?}{subsection.2.2}% 20
\BOOKMARK [2][-]{subsection.2.3}{Validation\040of\040results}{section.2}% 21
\BOOKMARK [2][-]{subsection.2.4}{Validity\040and\040trustworthiness\040of\040sources}{section.2}% 22
\BOOKMARK [2][-]{subsection.2.5}{Project\040methods}{section.2}% 23
\BOOKMARK [2][-]{subsection.2.6}{Risk\040analyses}{section.2}% 24
\BOOKMARK [2][-]{subsection.2.7}{Quality\040expectations}{section.2}% 25
\BOOKMARK [1][-]{section.3}{Results}{}% 26
\BOOKMARK [2][-]{subsection.3.1}{Intended\040result}{section.3}% 27
\BOOKMARK [1][-]{section.4}{References}{}% 28
\BOOKMARK [1][-]{Appendix.1.A}{Stakeholders}{}% 29
